Fri, 24 May 2024 19:07:01 +0000 [WARNING] request="8b5d21c860489" component="TYPO3.CMS.Extensionmanager.Utility.InstallUtility": Skipped importing site configuration from introduction due to existing site identifier introduction - {"key":"introduction","site":"introduction"}
Fri, 07 Jun 2024 18:22:57 +0000 [WARNING] request="5aac159058861" component="TYPO3.CMS.Core.Type.File.ImageInfo": I could not retrieve the image size for file /var/customers/webs/wi1cm/team04/typo3temp/var/transient/preview_894888399074547534.png - {"file":"/var/customers/webs/wi1cm/team04/typo3temp/var/transient/preview_894888399074547534.png"}
Fri, 07 Jun 2024 18:25:50 +0000 [WARNING] request="05dbd94e9e47a" component="TYPO3.CMS.Core.Type.File.ImageInfo": I could not retrieve the image size for file /var/customers/webs/wi1cm/team04/typo3temp/var/transient/preview_903682845313366286.png - {"file":"/var/customers/webs/wi1cm/team04/typo3temp/var/transient/preview_903682845313366286.png"}
Fri, 07 Jun 2024 18:25:50 +0000 [WARNING] request="79d53b6745faf" component="TYPO3.CMS.Core.Type.File.ImageInfo": I could not retrieve the image size for file /var/customers/webs/wi1cm/team04/typo3temp/var/transient/preview_5252598907181523275.png - {"file":"/var/customers/webs/wi1cm/team04/typo3temp/var/transient/preview_5252598907181523275.png"}
Fri, 07 Jun 2024 18:37:15 +0000 [WARNING] request="6e3864956db98" component="TYPO3.CMS.Core.Type.File.ImageInfo": I could not retrieve the image size for file /var/customers/webs/wi1cm/team04/typo3temp/var/transient/preview_4049557346605839185.png - {"file":"/var/customers/webs/wi1cm/team04/typo3temp/var/transient/preview_4049557346605839185.png"}
Fri, 07 Jun 2024 18:37:16 +0000 [WARNING] request="5caf1f654f6d5" component="TYPO3.CMS.Core.Type.File.ImageInfo": I could not retrieve the image size for file /var/customers/webs/wi1cm/team04/typo3temp/var/transient/preview_8420165486934315410.png - {"file":"/var/customers/webs/wi1cm/team04/typo3temp/var/transient/preview_8420165486934315410.png"}
Fri, 07 Jun 2024 20:02:30 +0000 [ALERT] request="ff754e731d7e5" component="TYPO3.CMS.Frontend.Controller.TypoScriptFrontendController": No TypoScript record found! 
Fri, 07 Jun 2024 20:02:41 +0000 [ALERT] request="9e955e181bef6" component="TYPO3.CMS.Frontend.Controller.TypoScriptFrontendController": No TypoScript record found! 
Fri, 07 Jun 2024 20:02:44 +0000 [ALERT] request="d4e26a5f438be" component="TYPO3.CMS.Frontend.Controller.TypoScriptFrontendController": No TypoScript record found! 
Mon, 10 Jun 2024 22:31:24 +0000 [ERROR] request="bb03117f971e1" component="TYPO3.CMS.Core.Resource.ResourceStorage": Failed initializing storage [2] "team04", error: Base path "/var/customers/webs/wi1cm/team04/team04/" does not exist or is no directory. 
Mon, 10 Jun 2024 22:31:29 +0000 [ERROR] request="fda06fcbfd496" component="TYPO3.CMS.Core.Resource.ResourceStorage": Failed initializing storage [2] "team04", error: Base path "/var/customers/webs/wi1cm/team04/team04/" does not exist or is no directory. 
Mon, 10 Jun 2024 22:32:35 +0000 [ERROR] request="60e11c81bd26a" component="TYPO3.CMS.Core.Resource.ResourceStorage": Failed initializing storage [2] "team04", error: Base path "/var/customers/webs/wi1cm/team04/team04/" does not exist or is no directory. 
Mon, 10 Jun 2024 22:32:35 +0000 [ERROR] request="8c255fe304673" component="TYPO3.CMS.Core.Resource.ResourceStorage": Failed initializing storage [2] "team04", error: Base path "/var/customers/webs/wi1cm/team04/team04/" does not exist or is no directory. 
Mon, 10 Jun 2024 22:32:40 +0000 [ERROR] request="aab1f9a66ba71" component="TYPO3.CMS.Core.Resource.ResourceStorage": Failed initializing storage [2] "team04", error: Base path "/var/customers/webs/wi1cm/team04/team04/" does not exist or is no directory. 
Mon, 10 Jun 2024 22:32:44 +0000 [ERROR] request="6f82eebdf25ec" component="TYPO3.CMS.Core.Resource.ResourceStorage": Failed initializing storage [2] "team04", error: Base path "/var/customers/webs/wi1cm/team04/team04/" does not exist or is no directory. 
Mon, 10 Jun 2024 22:32:44 +0000 [ERROR] request="b34f83a24d267" component="TYPO3.CMS.Core.Resource.ResourceStorage": Failed initializing storage [2] "team04", error: Base path "/var/customers/webs/wi1cm/team04/team04/" does not exist or is no directory. 
Mon, 10 Jun 2024 22:32:44 +0000 [ERROR] request="9147b33b00bdc" component="TYPO3.CMS.Core.Resource.ResourceStorage": Failed initializing storage [2] "team04", error: Base path "/var/customers/webs/wi1cm/team04/team04/" does not exist or is no directory. 
Mon, 10 Jun 2024 22:32:46 +0000 [ERROR] request="7189785290fbf" component="TYPO3.CMS.Core.Resource.ResourceStorage": Failed initializing storage [2] "team04", error: Base path "/var/customers/webs/wi1cm/team04/team04/" does not exist or is no directory. 
Mon, 10 Jun 2024 22:32:47 +0000 [ERROR] request="d64fdee4b4257" component="TYPO3.CMS.Core.Resource.ResourceStorage": Failed initializing storage [2] "team04", error: Base path "/var/customers/webs/wi1cm/team04/team04/" does not exist or is no directory. 
Mon, 10 Jun 2024 22:32:49 +0000 [ERROR] request="2ab7ca6ef80b4" component="TYPO3.CMS.Core.Resource.ResourceStorage": Failed initializing storage [2] "team04", error: Base path "/var/customers/webs/wi1cm/team04/team04/" does not exist or is no directory. 
Mon, 10 Jun 2024 22:32:49 +0000 [ERROR] request="0be99ae2654e7" component="TYPO3.CMS.Core.Resource.ResourceStorage": Failed initializing storage [2] "team04", error: Base path "/var/customers/webs/wi1cm/team04/team04/" does not exist or is no directory. 
Mon, 10 Jun 2024 22:33:19 +0000 [WARNING] request="e0972ac9abe80" component="TYPO3.CMS.Core.Type.File.ImageInfo": I could not retrieve the image size for file /var/customers/webs/wi1cm/team04/typo3temp/var/transient/preview_1731540608440664822.png - {"file":"/var/customers/webs/wi1cm/team04/typo3temp/var/transient/preview_1731540608440664822.png"}
Tue, 11 Jun 2024 21:06:19 +0000 [WARNING] request="fac3e4c375d95" component="TYPO3.CMS.Core.Type.File.ImageInfo": I could not retrieve the image size for file /var/customers/webs/wi1cm/team04/typo3temp/var/transient/preview_1875594677561355017.png - {"file":"/var/customers/webs/wi1cm/team04/typo3temp/var/transient/preview_1875594677561355017.png"}
